<?xml version="1.0" encoding="UTF-8"?>
<testsuite name="study.security.SecurityApplicationTests" tests="1" skipped="0" failures="0" errors="0" timestamp="2023-08-18T12:52:48" hostname="gim-yejin-ui-MacBookPro.local" time="0.332">
  <properties/>
  <testcase name="contextLoads()" classname="study.security.SecurityApplicationTests" time="0.332"/>
  <system-out><![CDATA[21:52:46.642 [Test worker] INFO org.springframework.test.context.support.AnnotationConfigContextLoaderUtils -- Could not detect default configuration classes for test class [study.security.SecurityApplicationTests]: SecurityApplicationTests does not declare any static, non-private, non-final, nested classes annotated with @Configuration.
21:52:46.687 [Test worker] INFO org.springframework.boot.test.context.SpringBootTestContextBootstrapper -- Found @SpringBootConfiguration study.security.SecurityApplication for test class study.security.SecurityApplicationTests

  .   ____          _            __ _ _
 /\\ / ___'_ __ _ _(_)_ __  __ _ \ \ \ \
( ( )\___ | '_ | '_| | '_ \/ _` | \ \ \ \
 \\/  ___)| |_)| | | | | || (_| |  ) ) ) )
  '  |____| .__|_| |_|_| |_\__, | / / / /
 =========|_|==============|___/=/_/_/_/
 :: Spring Boot ::                (v3.1.2)

2023-08-18T21:52:46.855+09:00  INFO 3201 --- [    Test worker] s.security.SecurityApplicationTests      : Starting SecurityApplicationTests using Java 17.0.7 with PID 3201 (started by kim-yejin in /Users/kim-yejin/lionTeam5/spaceship)
2023-08-18T21:52:46.856+09:00  INFO 3201 --- [    Test worker] s.security.SecurityApplicationTests      : No active profile set, falling back to 1 default profile: "default"
2023-08-18T21:52:47.138+09:00  INFO 3201 --- [    Test worker] .s.d.r.c.RepositoryConfigurationDelegate : Bootstrapping Spring Data JPA repositories in DEFAULT mode.
2023-08-18T21:52:47.172+09:00  INFO 3201 --- [    Test worker] .s.d.r.c.RepositoryConfigurationDelegate : Finished Spring Data repository scanning in 31 ms. Found 5 JPA repository interfaces.
2023-08-18T21:52:47.388+09:00  INFO 3201 --- [    Test worker] o.hibernate.jpa.internal.util.LogHelper  : HHH000204: Processing PersistenceUnitInfo [name: default]
2023-08-18T21:52:47.407+09:00  INFO 3201 --- [    Test worker] org.hibernate.Version                    : HHH000412: Hibernate ORM core version 6.2.6.Final
2023-08-18T21:52:47.408+09:00  INFO 3201 --- [    Test worker] org.hibernate.cfg.Environment            : HHH000406: Using bytecode reflection optimizer
2023-08-18T21:52:47.458+09:00  INFO 3201 --- [    Test worker] o.h.b.i.BytecodeProviderInitiator        : HHH000021: Bytecode provider name : bytebuddy
2023-08-18T21:52:47.514+09:00  INFO 3201 --- [    Test worker] o.s.o.j.p.SpringPersistenceUnitInfo      : No LoadTimeWeaver setup: ignoring JPA class transformer
2023-08-18T21:52:47.524+09:00  INFO 3201 --- [    Test worker] com.zaxxer.hikari.HikariDataSource       : HikariPool-1 - Starting...
2023-08-18T21:52:47.677+09:00  INFO 3201 --- [    Test worker] com.zaxxer.hikari.pool.HikariPool        : HikariPool-1 - Added connection com.mysql.cj.jdbc.ConnectionImpl@2804b13f
2023-08-18T21:52:47.678+09:00  INFO 3201 --- [    Test worker] com.zaxxer.hikari.HikariDataSource       : HikariPool-1 - Start completed.
2023-08-18T21:52:47.810+09:00  INFO 3201 --- [    Test worker] o.h.b.i.BytecodeProviderInitiator        : HHH000021: Bytecode provider name : bytebuddy
2023-08-18T21:52:48.142+09:00  INFO 3201 --- [    Test worker] o.h.e.t.j.p.i.JtaPlatformInitiator       : HHH000490: Using JtaPlatform implementation: [org.hibernate.engine.transaction.jta.platform.internal.NoJtaPlatform]
Hibernate: alter table boards modify column create_date_time  datetime(6)
2023-08-18T21:52:48.219+09:00  INFO 3201 --- [    Test worker] j.LocalContainerEntityManagerFactoryBean : Initialized JPA EntityManagerFactory for persistence unit 'default'
2023-08-18T21:52:48.520+09:00  WARN 3201 --- [    Test worker] JpaBaseConfiguration$JpaWebConfiguration : spring.jpa.open-in-view is enabled by default. Therefore, database queries may be performed during view rendering. Explicitly configure spring.jpa.open-in-view to disable this warning
2023-08-18T21:52:48.567+09:00  INFO 3201 --- [    Test worker] o.s.s.web.DefaultSecurityFilterChain     : Will secure any request with [org.springframework.security.web.session.DisableEncodeUrlFilter@8318808, org.springframework.security.web.context.request.async.WebAsyncManagerIntegrationFilter@b97f195, org.springframework.security.web.context.SecurityContextHolderFilter@dd025d9, org.springframework.security.web.header.HeaderWriterFilter@66ad7167, org.springframework.security.web.authentication.logout.LogoutFilter@5af8ef61, org.springframework.web.filter.CorsFilter@159408a7, study.security.Jwt.JwtFilter@408bb173, org.springframework.security.web.savedrequest.RequestCacheAwareFilter@65192f16, org.springframework.security.web.servletapi.SecurityContextHolderAwareRequestFilter@7ab8c972, org.springframework.security.web.authentication.AnonymousAuthenticationFilter@360d0c7a, org.springframework.security.web.session.SessionManagementFilter@1174ff02, org.springframework.security.web.access.ExceptionTranslationFilter@4884350b, org.springframework.security.web.access.intercept.AuthorizationFilter@67cd1db3]
2023-08-18T21:52:48.819+09:00  INFO 3201 --- [    Test worker] s.security.SecurityApplicationTests      : Started SecurityApplicationTests in 2.073 seconds (process running for 2.552)
]]></system-out>
  <system-err><![CDATA[]]></system-err>
</testsuite>
